SLF4J(I): Connected with provider of type [ch.qos.logback.classic.spi.LogbackServiceProvider]
21:40:00.596 [main] INFO ru.opt4.CalcDemo -- 2025-02-10T21:40:00.595377695 current idx:0
21:40:02.124 [main] INFO ru.opt4.CalcDemo -- 2025-02-10T21:40:02.124047141 current idx:10000000
21:40:03.515 [main] INFO ru.opt4.CalcDemo -- 2025-02-10T21:40:03.515138911 current idx:20000000
21:40:04.921 [main] INFO ru.opt4.CalcDemo -- 2025-02-10T21:40:04.921187399 current idx:30000000
21:40:06.307 [main] INFO ru.opt4.CalcDemo -- 2025-02-10T21:40:06.307370385 current idx:40000000
21:40:07.810 [main] INFO ru.opt4.CalcDemo -- 2025-02-10T21:40:07.810156294 current idx:50000000
21:40:09.317 [main] INFO ru.opt4.CalcDemo -- 2025-02-10T21:40:09.317610941 current idx:60000000
21:40:10.824 [main] INFO ru.opt4.CalcDemo -- 2025-02-10T21:40:10.824182130 current idx:70000000
21:40:12.328 [main] INFO ru.opt4.CalcDemo -- 2025-02-10T21:40:12.328467331 current idx:80000000
21:40:13.835 [main] INFO ru.opt4.CalcDemo -- 2025-02-10T21:40:13.835899812 current idx:90000000
21:40:15.341 [main] INFO ru.opt4.CalcDemo -- 2025-02-10T21:40:15.341603217 current idx:100000000
21:40:16.848 [main] INFO ru.opt4.CalcDemo -- 2025-02-10T21:40:16.848224443 current idx:110000000
21:40:18.354 [main] INFO ru.opt4.CalcDemo -- 2025-02-10T21:40:18.354270244 current idx:120000000
21:40:19.861 [main] INFO ru.opt4.CalcDemo -- 2025-02-10T21:40:19.861045507 current idx:130000000
21:40:21.366 [main] INFO ru.opt4.CalcDemo -- 2025-02-10T21:40:21.366851705 current idx:140000000
21:40:22.873 [main] INFO ru.opt4.CalcDemo -- 2025-02-10T21:40:22.873808662 current idx:150000000
21:40:24.380 [main] INFO ru.opt4.CalcDemo -- 2025-02-10T21:40:24.380613211 current idx:160000000
21:40:25.885 [main] INFO ru.opt4.CalcDemo -- 2025-02-10T21:40:25.885106317 current idx:170000000
21:40:27.394 [main] INFO ru.opt4.CalcDemo -- 2025-02-10T21:40:27.394854047 current idx:180000000
21:40:28.900 [main] INFO ru.opt4.CalcDemo -- 2025-02-10T21:40:28.900325847 current idx:190000000
21:40:30.406 [main] INFO ru.opt4.CalcDemo -- 2025-02-10T21:40:30.406530181 current idx:200000000
21:40:31.911 [main] INFO ru.opt4.CalcDemo -- 2025-02-10T21:40:31.911571474 current idx:210000000
21:40:33.417 [main] INFO ru.opt4.CalcDemo -- 2025-02-10T21:40:33.417487601 current idx:220000000
21:40:34.922 [main] INFO ru.opt4.CalcDemo -- 2025-02-10T21:40:34.922405779 current idx:230000000
21:40:36.430 [main] INFO ru.opt4.CalcDemo -- 2025-02-10T21:40:36.430339953 current idx:240000000
21:40:37.935 [main] INFO ru.opt4.CalcDemo -- 2025-02-10T21:40:37.935148972 current idx:250000000
21:40:39.441 [main] INFO ru.opt4.CalcDemo -- 2025-02-10T21:40:39.440972570 current idx:260000000
21:40:40.945 [main] INFO ru.opt4.CalcDemo -- 2025-02-10T21:40:40.945597377 current idx:270000000
21:40:42.451 [main] INFO ru.opt4.CalcDemo -- 2025-02-10T21:40:42.451793431 current idx:280000000
21:40:43.957 [main] INFO ru.opt4.CalcDemo -- 2025-02-10T21:40:43.957771865 current idx:290000000
21:40:45.464 [main] INFO ru.opt4.CalcDemo -- 2025-02-10T21:40:45.464181495 current idx:300000000
21:40:46.968 [main] INFO ru.opt4.CalcDemo -- 2025-02-10T21:40:46.968445289 current idx:310000000
21:40:48.476 [main] INFO ru.opt4.CalcDemo -- 2025-02-10T21:40:48.476190551 current idx:320000000
21:40:49.980 [main] INFO ru.opt4.CalcDemo -- 2025-02-10T21:40:49.980816157 current idx:330000000
21:40:51.487 [main] INFO ru.opt4.CalcDemo -- 2025-02-10T21:40:51.487762340 current idx:340000000
21:40:52.996 [main] INFO ru.opt4.CalcDemo -- 2025-02-10T21:40:52.996041237 current idx:350000000
21:40:54.509 [main] INFO ru.opt4.CalcDemo -- 2025-02-10T21:40:54.509934040 current idx:360000000
21:40:56.015 [main] INFO ru.opt4.CalcDemo -- 2025-02-10T21:40:56.015277120 current idx:370000000
21:40:57.522 [main] INFO ru.opt4.CalcDemo -- 2025-02-10T21:40:57.522539060 current idx:380000000
21:40:59.029 [main] INFO ru.opt4.CalcDemo -- 2025-02-10T21:40:59.029192731 current idx:390000000
21:41:00.536 [main] INFO ru.opt4.CalcDemo -- 2025-02-10T21:41:00.536396069 current idx:400000000
21:41:02.042 [main] INFO ru.opt4.CalcDemo -- 2025-02-10T21:41:02.042478350 current idx:410000000
21:41:03.547 [main] INFO ru.opt4.CalcDemo -- 2025-02-10T21:41:03.547218718 current idx:420000000
21:41:05.053 [main] INFO ru.opt4.CalcDemo -- 2025-02-10T21:41:05.053775568 current idx:430000000
21:41:06.559 [main] INFO ru.opt4.CalcDemo -- 2025-02-10T21:41:06.559082761 current idx:440000000
21:41:08.064 [main] INFO ru.opt4.CalcDemo -- 2025-02-10T21:41:08.064796525 current idx:450000000
21:41:09.569 [main] INFO ru.opt4.CalcDemo -- 2025-02-10T21:41:09.569600567 current idx:460000000
21:41:11.077 [main] INFO ru.opt4.CalcDemo -- 2025-02-10T21:41:11.077747911 current idx:470000000
21:41:12.585 [main] INFO ru.opt4.CalcDemo -- 2025-02-10T21:41:12.585442486 current idx:480000000
21:41:14.092 [main] INFO ru.opt4.CalcDemo -- 2025-02-10T21:41:14.091995257 current idx:490000000
21:41:15.596 [main] INFO ru.opt4.CalcDemo -- PrevValue:499999999
21:41:15.596 [main] INFO ru.opt4.CalcDemo -- PrevPrevValue:499999998
21:41:15.596 [main] INFO ru.opt4.CalcDemo -- SumLastThreeValues:1499999994
21:41:15.596 [main] INFO ru.opt4.CalcDemo -- SomeValue:456305355
21:41:15.596 [main] INFO ru.opt4.CalcDemo -- Sum:444634198
21:41:15.597 [main] INFO ru.opt4.CalcDemo -- spend msec:75002, sec:75
