SLF4J(I): Connected with provider of type [ch.qos.logback.classic.spi.LogbackServiceProvider]
20:21:38.202 [main] INFO ru.calculator.CalcDemo -- 2025-02-10T20:21:38.201570267 current idx:0
20:21:40.388 [main] INFO ru.calculator.CalcDemo -- 2025-02-10T20:21:40.388561327 current idx:10000000
20:21:42.104 [main] INFO ru.calculator.CalcDemo -- 2025-02-10T20:21:42.104228412 current idx:20000000
20:21:43.810 [main] INFO ru.calculator.CalcDemo -- 2025-02-10T20:21:43.810108360 current idx:30000000
20:21:45.515 [main] INFO ru.calculator.CalcDemo -- 2025-02-10T20:21:45.515547222 current idx:40000000
20:21:47.222 [main] INFO ru.calculator.CalcDemo -- 2025-02-10T20:21:47.222407175 current idx:50000000
20:21:48.927 [main] INFO ru.calculator.CalcDemo -- 2025-02-10T20:21:48.927837727 current idx:60000000
20:21:50.935 [main] INFO ru.calculator.CalcDemo -- 2025-02-10T20:21:50.935626962 current idx:70000000
20:21:53.073 [main] INFO ru.calculator.CalcDemo -- 2025-02-10T20:21:53.073415248 current idx:80000000
20:21:55.213 [main] INFO ru.calculator.CalcDemo -- 2025-02-10T20:21:55.213313288 current idx:90000000
20:21:57.351 [main] INFO ru.calculator.CalcDemo -- 2025-02-10T20:21:57.351877603 current idx:100000000
20:21:59.490 [main] INFO ru.calculator.CalcDemo -- 2025-02-10T20:21:59.490944983 current idx:110000000
20:22:01.633 [main] INFO ru.calculator.CalcDemo -- 2025-02-10T20:22:01.633102843 current idx:120000000
20:22:03.773 [main] INFO ru.calculator.CalcDemo -- 2025-02-10T20:22:03.773929670 current idx:130000000
20:22:05.916 [main] INFO ru.calculator.CalcDemo -- 2025-02-10T20:22:05.916630846 current idx:140000000
20:22:08.056 [main] INFO ru.calculator.CalcDemo -- 2025-02-10T20:22:08.056374779 current idx:150000000
20:22:10.195 [main] INFO ru.calculator.CalcDemo -- 2025-02-10T20:22:10.195250292 current idx:160000000
20:22:12.335 [main] INFO ru.calculator.CalcDemo -- 2025-02-10T20:22:12.335560330 current idx:170000000
20:22:14.477 [main] INFO ru.calculator.CalcDemo -- 2025-02-10T20:22:14.477909465 current idx:180000000
20:22:16.616 [main] INFO ru.calculator.CalcDemo -- 2025-02-10T20:22:16.616614911 current idx:190000000
20:22:18.756 [main] INFO ru.calculator.CalcDemo -- 2025-02-10T20:22:18.756698536 current idx:200000000
20:22:20.896 [main] INFO ru.calculator.CalcDemo -- 2025-02-10T20:22:20.896684644 current idx:210000000
20:22:23.036 [main] INFO ru.calculator.CalcDemo -- 2025-02-10T20:22:23.036075587 current idx:220000000
20:22:25.179 [main] INFO ru.calculator.CalcDemo -- 2025-02-10T20:22:25.179071437 current idx:230000000
20:22:27.320 [main] INFO ru.calculator.CalcDemo -- 2025-02-10T20:22:27.320390084 current idx:240000000
20:22:29.461 [main] INFO ru.calculator.CalcDemo -- 2025-02-10T20:22:29.461675906 current idx:250000000
20:22:31.601 [main] INFO ru.calculator.CalcDemo -- 2025-02-10T20:22:31.601429761 current idx:260000000
20:22:33.740 [main] INFO ru.calculator.CalcDemo -- 2025-02-10T20:22:33.740288450 current idx:270000000
20:22:35.879 [main] INFO ru.calculator.CalcDemo -- 2025-02-10T20:22:35.879491407 current idx:280000000
20:22:38.020 [main] INFO ru.calculator.CalcDemo -- 2025-02-10T20:22:38.020028580 current idx:290000000
20:22:40.161 [main] INFO ru.calculator.CalcDemo -- 2025-02-10T20:22:40.161074259 current idx:300000000
20:22:42.298 [main] INFO ru.calculator.CalcDemo -- 2025-02-10T20:22:42.298610572 current idx:310000000
20:22:44.437 [main] INFO ru.calculator.CalcDemo -- 2025-02-10T20:22:44.437735765 current idx:320000000
20:22:46.577 [main] INFO ru.calculator.CalcDemo -- 2025-02-10T20:22:46.577202654 current idx:330000000
20:22:48.718 [main] INFO ru.calculator.CalcDemo -- 2025-02-10T20:22:48.718516802 current idx:340000000
20:22:50.855 [main] INFO ru.calculator.CalcDemo -- 2025-02-10T20:22:50.855876180 current idx:350000000
20:22:52.993 [main] INFO ru.calculator.CalcDemo -- 2025-02-10T20:22:52.993742840 current idx:360000000
20:22:55.131 [main] INFO ru.calculator.CalcDemo -- 2025-02-10T20:22:55.131495886 current idx:370000000
20:22:57.271 [main] INFO ru.calculator.CalcDemo -- 2025-02-10T20:22:57.271824795 current idx:380000000
20:22:59.409 [main] INFO ru.calculator.CalcDemo -- 2025-02-10T20:22:59.409811062 current idx:390000000
20:23:01.558 [main] INFO ru.calculator.CalcDemo -- 2025-02-10T20:23:01.558561993 current idx:400000000
20:23:03.705 [main] INFO ru.calculator.CalcDemo -- 2025-02-10T20:23:03.705065515 current idx:410000000
20:23:05.848 [main] INFO ru.calculator.CalcDemo -- 2025-02-10T20:23:05.848671211 current idx:420000000
20:23:07.988 [main] INFO ru.calculator.CalcDemo -- 2025-02-10T20:23:07.988649920 current idx:430000000
20:23:10.126 [main] INFO ru.calculator.CalcDemo -- 2025-02-10T20:23:10.126504438 current idx:440000000
20:23:12.264 [main] INFO ru.calculator.CalcDemo -- 2025-02-10T20:23:12.264937931 current idx:450000000
20:23:14.415 [main] INFO ru.calculator.CalcDemo -- 2025-02-10T20:23:14.415647943 current idx:460000000
20:23:16.553 [main] INFO ru.calculator.CalcDemo -- 2025-02-10T20:23:16.553418581 current idx:470000000
20:23:18.689 [main] INFO ru.calculator.CalcDemo -- 2025-02-10T20:23:18.689833817 current idx:480000000
20:23:20.828 [main] INFO ru.calculator.CalcDemo -- 2025-02-10T20:23:20.828303307 current idx:490000000
20:23:22.971 [main] INFO ru.calculator.CalcDemo -- PrevValue:499999999
20:23:22.971 [main] INFO ru.calculator.CalcDemo -- PrevPrevValue:499999998
20:23:22.971 [main] INFO ru.calculator.CalcDemo -- SumLastThreeValues:1499999994
20:23:22.971 [main] INFO ru.calculator.CalcDemo -- SomeValue:1144947544
20:23:22.971 [main] INFO ru.calculator.CalcDemo -- Sum:-2082019175
20:23:22.971 [main] INFO ru.calculator.CalcDemo -- spend msec:104771, sec:104
