SLF4J(I): Connected with provider of type [ch.qos.logback.classic.spi.LogbackServiceProvider]
21:19:36.479 [main] INFO ru.opt2.CalcDemo -- 2025-02-10T21:19:36.478356562 current idx:0
21:19:38.062 [main] INFO ru.opt2.CalcDemo -- 2025-02-10T21:19:38.062303212 current idx:10000000
21:19:39.724 [main] INFO ru.opt2.CalcDemo -- 2025-02-10T21:19:39.724072205 current idx:20000000
21:19:41.381 [main] INFO ru.opt2.CalcDemo -- 2025-02-10T21:19:41.381442614 current idx:30000000
21:19:43.036 [main] INFO ru.opt2.CalcDemo -- 2025-02-10T21:19:43.036962139 current idx:40000000
21:19:44.491 [main] INFO ru.opt2.CalcDemo -- 2025-02-10T21:19:44.491872307 current idx:50000000
21:19:45.902 [main] INFO ru.opt2.CalcDemo -- 2025-02-10T21:19:45.902372914 current idx:60000000
21:19:47.314 [main] INFO ru.opt2.CalcDemo -- 2025-02-10T21:19:47.314403326 current idx:70000000
21:19:48.725 [main] INFO ru.opt2.CalcDemo -- 2025-02-10T21:19:48.725654014 current idx:80000000
21:19:50.129 [main] INFO ru.opt2.CalcDemo -- 2025-02-10T21:19:50.129402952 current idx:90000000
21:19:51.536 [main] INFO ru.opt2.CalcDemo -- 2025-02-10T21:19:51.536603272 current idx:100000000
21:19:52.940 [main] INFO ru.opt2.CalcDemo -- 2025-02-10T21:19:52.940789992 current idx:110000000
21:19:54.352 [main] INFO ru.opt2.CalcDemo -- 2025-02-10T21:19:54.352803588 current idx:120000000
21:19:55.764 [main] INFO ru.opt2.CalcDemo -- 2025-02-10T21:19:55.764064676 current idx:130000000
21:19:57.175 [main] INFO ru.opt2.CalcDemo -- 2025-02-10T21:19:57.175143027 current idx:140000000
21:19:58.589 [main] INFO ru.opt2.CalcDemo -- 2025-02-10T21:19:58.589037610 current idx:150000000
21:19:59.995 [main] INFO ru.opt2.CalcDemo -- 2025-02-10T21:19:59.995555351 current idx:160000000
21:20:01.403 [main] INFO ru.opt2.CalcDemo -- 2025-02-10T21:20:01.403615880 current idx:170000000
21:20:02.810 [main] INFO ru.opt2.CalcDemo -- 2025-02-10T21:20:02.810148810 current idx:180000000
21:20:04.217 [main] INFO ru.opt2.CalcDemo -- 2025-02-10T21:20:04.217528507 current idx:190000000
21:20:05.623 [main] INFO ru.opt2.CalcDemo -- 2025-02-10T21:20:05.623575231 current idx:200000000
21:20:07.029 [main] INFO ru.opt2.CalcDemo -- 2025-02-10T21:20:07.029449339 current idx:210000000
21:20:08.437 [main] INFO ru.opt2.CalcDemo -- 2025-02-10T21:20:08.437389516 current idx:220000000
21:20:09.854 [main] INFO ru.opt2.CalcDemo -- 2025-02-10T21:20:09.854212535 current idx:230000000
21:20:11.266 [main] INFO ru.opt2.CalcDemo -- 2025-02-10T21:20:11.266416116 current idx:240000000
21:20:12.678 [main] INFO ru.opt2.CalcDemo -- 2025-02-10T21:20:12.678639640 current idx:250000000
21:20:14.094 [main] INFO ru.opt2.CalcDemo -- 2025-02-10T21:20:14.094880362 current idx:260000000
21:20:15.505 [main] INFO ru.opt2.CalcDemo -- 2025-02-10T21:20:15.505396759 current idx:270000000
21:20:16.915 [main] INFO ru.opt2.CalcDemo -- 2025-02-10T21:20:16.915597783 current idx:280000000
21:20:18.326 [main] INFO ru.opt2.CalcDemo -- 2025-02-10T21:20:18.326245269 current idx:290000000
21:20:19.736 [main] INFO ru.opt2.CalcDemo -- 2025-02-10T21:20:19.736687970 current idx:300000000
21:20:21.145 [main] INFO ru.opt2.CalcDemo -- 2025-02-10T21:20:21.145910816 current idx:310000000
21:20:22.552 [main] INFO ru.opt2.CalcDemo -- 2025-02-10T21:20:22.552329214 current idx:320000000
21:20:23.959 [main] INFO ru.opt2.CalcDemo -- 2025-02-10T21:20:23.959698691 current idx:330000000
21:20:25.368 [main] INFO ru.opt2.CalcDemo -- 2025-02-10T21:20:25.368537461 current idx:340000000
21:20:26.776 [main] INFO ru.opt2.CalcDemo -- 2025-02-10T21:20:26.776066296 current idx:350000000
21:20:28.183 [main] INFO ru.opt2.CalcDemo -- 2025-02-10T21:20:28.183976003 current idx:360000000
21:20:29.592 [main] INFO ru.opt2.CalcDemo -- 2025-02-10T21:20:29.592546031 current idx:370000000
21:20:30.996 [main] INFO ru.opt2.CalcDemo -- 2025-02-10T21:20:30.996956914 current idx:380000000
21:20:32.401 [main] INFO ru.opt2.CalcDemo -- 2025-02-10T21:20:32.400984070 current idx:390000000
21:20:33.807 [main] INFO ru.opt2.CalcDemo -- 2025-02-10T21:20:33.807228610 current idx:400000000
21:20:35.216 [main] INFO ru.opt2.CalcDemo -- 2025-02-10T21:20:35.216574772 current idx:410000000
21:20:36.627 [main] INFO ru.opt2.CalcDemo -- 2025-02-10T21:20:36.627936690 current idx:420000000
21:20:38.037 [main] INFO ru.opt2.CalcDemo -- 2025-02-10T21:20:38.037151817 current idx:430000000
21:20:39.447 [main] INFO ru.opt2.CalcDemo -- 2025-02-10T21:20:39.447851961 current idx:440000000
21:20:40.854 [main] INFO ru.opt2.CalcDemo -- 2025-02-10T21:20:40.854879047 current idx:450000000
21:20:42.261 [main] INFO ru.opt2.CalcDemo -- 2025-02-10T21:20:42.261565106 current idx:460000000
21:20:43.668 [main] INFO ru.opt2.CalcDemo -- 2025-02-10T21:20:43.668194385 current idx:470000000
21:20:45.075 [main] INFO ru.opt2.CalcDemo -- 2025-02-10T21:20:45.075030141 current idx:480000000
21:20:46.479 [main] INFO ru.opt2.CalcDemo -- 2025-02-10T21:20:46.479249229 current idx:490000000
21:20:47.886 [main] INFO ru.opt2.CalcDemo -- PrevValue:499999999
21:20:47.886 [main] INFO ru.opt2.CalcDemo -- PrevPrevValue:499999998
21:20:47.886 [main] INFO ru.opt2.CalcDemo -- SumLastThreeValues:1499999994
21:20:47.886 [main] INFO ru.opt2.CalcDemo -- SomeValue:421081370
21:20:47.886 [main] INFO ru.opt2.CalcDemo -- Sum:566533078
21:20:47.886 [main] INFO ru.opt2.CalcDemo -- spend msec:71409, sec:71
