SLF4J(I): Connected with provider of type [ch.qos.logback.classic.spi.LogbackServiceProvider]
21:25:45.291 [main] INFO ru.opt3.CalcDemo -- 2025-02-10T21:25:45.290320999 current idx:0
21:25:46.901 [main] INFO ru.opt3.CalcDemo -- 2025-02-10T21:25:46.901664398 current idx:10000000
21:25:48.431 [main] INFO ru.opt3.CalcDemo -- 2025-02-10T21:25:48.431847972 current idx:20000000
21:25:49.826 [main] INFO ru.opt3.CalcDemo -- 2025-02-10T21:25:49.826710895 current idx:30000000
21:25:51.224 [main] INFO ru.opt3.CalcDemo -- 2025-02-10T21:25:51.224191481 current idx:40000000
21:25:52.619 [main] INFO ru.opt3.CalcDemo -- 2025-02-10T21:25:52.619787243 current idx:50000000
21:25:54.014 [main] INFO ru.opt3.CalcDemo -- 2025-02-10T21:25:54.014899528 current idx:60000000
21:25:55.410 [main] INFO ru.opt3.CalcDemo -- 2025-02-10T21:25:55.410854605 current idx:70000000
21:25:56.806 [main] INFO ru.opt3.CalcDemo -- 2025-02-10T21:25:56.806895304 current idx:80000000
21:25:58.204 [main] INFO ru.opt3.CalcDemo -- 2025-02-10T21:25:58.204713502 current idx:90000000
21:25:59.600 [main] INFO ru.opt3.CalcDemo -- 2025-02-10T21:25:59.600222384 current idx:100000000
21:26:00.996 [main] INFO ru.opt3.CalcDemo -- 2025-02-10T21:26:00.996767538 current idx:110000000
21:26:02.393 [main] INFO ru.opt3.CalcDemo -- 2025-02-10T21:26:02.393037873 current idx:120000000
21:26:03.789 [main] INFO ru.opt3.CalcDemo -- 2025-02-10T21:26:03.789959329 current idx:130000000
21:26:05.186 [main] INFO ru.opt3.CalcDemo -- 2025-02-10T21:26:05.186023079 current idx:140000000
21:26:06.581 [main] INFO ru.opt3.CalcDemo -- 2025-02-10T21:26:06.581809062 current idx:150000000
21:26:07.976 [main] INFO ru.opt3.CalcDemo -- 2025-02-10T21:26:07.976460825 current idx:160000000
21:26:09.369 [main] INFO ru.opt3.CalcDemo -- 2025-02-10T21:26:09.369506823 current idx:170000000
21:26:10.765 [main] INFO ru.opt3.CalcDemo -- 2025-02-10T21:26:10.765651294 current idx:180000000
21:26:12.164 [main] INFO ru.opt3.CalcDemo -- 2025-02-10T21:26:12.164742992 current idx:190000000
21:26:13.560 [main] INFO ru.opt3.CalcDemo -- 2025-02-10T21:26:13.560514697 current idx:200000000
21:26:15.038 [main] INFO ru.opt3.CalcDemo -- 2025-02-10T21:26:15.038569666 current idx:210000000
21:26:16.556 [main] INFO ru.opt3.CalcDemo -- 2025-02-10T21:26:16.556015690 current idx:220000000
21:26:18.067 [main] INFO ru.opt3.CalcDemo -- 2025-02-10T21:26:18.067151672 current idx:230000000
21:26:19.579 [main] INFO ru.opt3.CalcDemo -- 2025-02-10T21:26:19.579014725 current idx:240000000
21:26:21.091 [main] INFO ru.opt3.CalcDemo -- 2025-02-10T21:26:21.091939181 current idx:250000000
21:26:22.602 [main] INFO ru.opt3.CalcDemo -- 2025-02-10T21:26:22.602560716 current idx:260000000
21:26:24.114 [main] INFO ru.opt3.CalcDemo -- 2025-02-10T21:26:24.114228704 current idx:270000000
21:26:25.627 [main] INFO ru.opt3.CalcDemo -- 2025-02-10T21:26:25.627103315 current idx:280000000
21:26:27.138 [main] INFO ru.opt3.CalcDemo -- 2025-02-10T21:26:27.138535144 current idx:290000000
21:26:28.648 [main] INFO ru.opt3.CalcDemo -- 2025-02-10T21:26:28.648620311 current idx:300000000
21:26:30.160 [main] INFO ru.opt3.CalcDemo -- 2025-02-10T21:26:30.160185393 current idx:310000000
21:26:31.671 [main] INFO ru.opt3.CalcDemo -- 2025-02-10T21:26:31.671701914 current idx:320000000
21:26:33.182 [main] INFO ru.opt3.CalcDemo -- 2025-02-10T21:26:33.182024108 current idx:330000000
21:26:34.694 [main] INFO ru.opt3.CalcDemo -- 2025-02-10T21:26:34.694449950 current idx:340000000
21:26:36.207 [main] INFO ru.opt3.CalcDemo -- 2025-02-10T21:26:36.207024969 current idx:350000000
21:26:37.716 [main] INFO ru.opt3.CalcDemo -- 2025-02-10T21:26:37.716443787 current idx:360000000
21:26:39.229 [main] INFO ru.opt3.CalcDemo -- 2025-02-10T21:26:39.229919988 current idx:370000000
21:26:40.741 [main] INFO ru.opt3.CalcDemo -- 2025-02-10T21:26:40.741671502 current idx:380000000
21:26:42.252 [main] INFO ru.opt3.CalcDemo -- 2025-02-10T21:26:42.252851061 current idx:390000000
21:26:43.762 [main] INFO ru.opt3.CalcDemo -- 2025-02-10T21:26:43.762901425 current idx:400000000
21:26:45.274 [main] INFO ru.opt3.CalcDemo -- 2025-02-10T21:26:45.274683493 current idx:410000000
21:26:46.786 [main] INFO ru.opt3.CalcDemo -- 2025-02-10T21:26:46.786976610 current idx:420000000
21:26:48.298 [main] INFO ru.opt3.CalcDemo -- 2025-02-10T21:26:48.298512428 current idx:430000000
21:26:49.809 [main] INFO ru.opt3.CalcDemo -- 2025-02-10T21:26:49.809677295 current idx:440000000
21:26:51.321 [main] INFO ru.opt3.CalcDemo -- 2025-02-10T21:26:51.321278173 current idx:450000000
21:26:52.830 [main] INFO ru.opt3.CalcDemo -- 2025-02-10T21:26:52.830910739 current idx:460000000
21:26:54.343 [main] INFO ru.opt3.CalcDemo -- 2025-02-10T21:26:54.343386835 current idx:470000000
21:26:55.855 [main] INFO ru.opt3.CalcDemo -- 2025-02-10T21:26:55.855276287 current idx:480000000
21:26:57.366 [main] INFO ru.opt3.CalcDemo -- 2025-02-10T21:26:57.366638308 current idx:490000000
21:26:58.877 [main] INFO ru.opt3.CalcDemo -- PrevValue:499999999
21:26:58.877 [main] INFO ru.opt3.CalcDemo -- PrevPrevValue:499999998
21:26:58.877 [main] INFO ru.opt3.CalcDemo -- SumLastThreeValues:1499999994
21:26:58.877 [main] INFO ru.opt3.CalcDemo -- SomeValue:1629702438
21:26:58.877 [main] INFO ru.opt3.CalcDemo -- Sum:-1286371173
21:26:58.877 [main] INFO ru.opt3.CalcDemo -- spend msec:73588, sec:73
