SLF4J(I): Connected with provider of type [ch.qos.logback.classic.spi.LogbackServiceProvider]
21:31:46.666 [main] INFO ru.opt3.CalcDemo -- 2025-02-10T21:31:46.665567552 current idx:0
21:31:48.226 [main] INFO ru.opt3.CalcDemo -- 2025-02-10T21:31:48.226035588 current idx:10000000
21:31:49.803 [main] INFO ru.opt3.CalcDemo -- 2025-02-10T21:31:49.803217561 current idx:20000000
21:31:51.371 [main] INFO ru.opt3.CalcDemo -- 2025-02-10T21:31:51.371878594 current idx:30000000
21:31:52.818 [main] INFO ru.opt3.CalcDemo -- 2025-02-10T21:31:52.817986402 current idx:40000000
21:31:54.197 [main] INFO ru.opt3.CalcDemo -- 2025-02-10T21:31:54.197270561 current idx:50000000
21:31:55.571 [main] INFO ru.opt3.CalcDemo -- 2025-02-10T21:31:55.571572062 current idx:60000000
21:31:56.950 [main] INFO ru.opt3.CalcDemo -- 2025-02-10T21:31:56.950120081 current idx:70000000
21:31:58.327 [main] INFO ru.opt3.CalcDemo -- 2025-02-10T21:31:58.327172034 current idx:80000000
21:31:59.704 [main] INFO ru.opt3.CalcDemo -- 2025-02-10T21:31:59.704222445 current idx:90000000
21:32:01.085 [main] INFO ru.opt3.CalcDemo -- 2025-02-10T21:32:01.085031744 current idx:100000000
21:32:02.463 [main] INFO ru.opt3.CalcDemo -- 2025-02-10T21:32:02.463424788 current idx:110000000
21:32:03.842 [main] INFO ru.opt3.CalcDemo -- 2025-02-10T21:32:03.842687960 current idx:120000000
21:32:05.220 [main] INFO ru.opt3.CalcDemo -- 2025-02-10T21:32:05.220610396 current idx:130000000
21:32:06.598 [main] INFO ru.opt3.CalcDemo -- 2025-02-10T21:32:06.598131685 current idx:140000000
21:32:07.979 [main] INFO ru.opt3.CalcDemo -- 2025-02-10T21:32:07.979449931 current idx:150000000
21:32:09.355 [main] INFO ru.opt3.CalcDemo -- 2025-02-10T21:32:09.355930117 current idx:160000000
21:32:10.731 [main] INFO ru.opt3.CalcDemo -- 2025-02-10T21:32:10.731957570 current idx:170000000
21:32:12.110 [main] INFO ru.opt3.CalcDemo -- 2025-02-10T21:32:12.110631564 current idx:180000000
21:32:13.490 [main] INFO ru.opt3.CalcDemo -- 2025-02-10T21:32:13.490037307 current idx:190000000
21:32:14.869 [main] INFO ru.opt3.CalcDemo -- 2025-02-10T21:32:14.869729840 current idx:200000000
21:32:16.250 [main] INFO ru.opt3.CalcDemo -- 2025-02-10T21:32:16.250401665 current idx:210000000
21:32:17.627 [main] INFO ru.opt3.CalcDemo -- 2025-02-10T21:32:17.627955723 current idx:220000000
21:32:19.005 [main] INFO ru.opt3.CalcDemo -- 2025-02-10T21:32:19.005737742 current idx:230000000
21:32:20.384 [main] INFO ru.opt3.CalcDemo -- 2025-02-10T21:32:20.384508095 current idx:240000000
21:32:21.760 [main] INFO ru.opt3.CalcDemo -- 2025-02-10T21:32:21.760797285 current idx:250000000
21:32:23.137 [main] INFO ru.opt3.CalcDemo -- 2025-02-10T21:32:23.137289112 current idx:260000000
21:32:24.518 [main] INFO ru.opt3.CalcDemo -- 2025-02-10T21:32:24.518677053 current idx:270000000
21:32:25.897 [main] INFO ru.opt3.CalcDemo -- 2025-02-10T21:32:25.897676558 current idx:280000000
21:32:27.276 [main] INFO ru.opt3.CalcDemo -- 2025-02-10T21:32:27.276560569 current idx:290000000
21:32:28.658 [main] INFO ru.opt3.CalcDemo -- 2025-02-10T21:32:28.658543163 current idx:300000000
21:32:30.035 [main] INFO ru.opt3.CalcDemo -- 2025-02-10T21:32:30.035055926 current idx:310000000
21:32:31.411 [main] INFO ru.opt3.CalcDemo -- 2025-02-10T21:32:31.411676282 current idx:320000000
21:32:32.790 [main] INFO ru.opt3.CalcDemo -- 2025-02-10T21:32:32.790821282 current idx:330000000
21:32:34.173 [main] INFO ru.opt3.CalcDemo -- 2025-02-10T21:32:34.173740796 current idx:340000000
21:32:35.558 [main] INFO ru.opt3.CalcDemo -- 2025-02-10T21:32:35.558258266 current idx:350000000
21:32:36.934 [main] INFO ru.opt3.CalcDemo -- 2025-02-10T21:32:36.934239557 current idx:360000000
21:32:38.310 [main] INFO ru.opt3.CalcDemo -- 2025-02-10T21:32:38.310276830 current idx:370000000
21:32:39.690 [main] INFO ru.opt3.CalcDemo -- 2025-02-10T21:32:39.690140450 current idx:380000000
21:32:41.068 [main] INFO ru.opt3.CalcDemo -- 2025-02-10T21:32:41.068165838 current idx:390000000
21:32:42.446 [main] INFO ru.opt3.CalcDemo -- 2025-02-10T21:32:42.446841843 current idx:400000000
21:32:43.843 [main] INFO ru.opt3.CalcDemo -- 2025-02-10T21:32:43.843105394 current idx:410000000
21:32:45.270 [main] INFO ru.opt3.CalcDemo -- 2025-02-10T21:32:45.270937511 current idx:420000000
21:32:46.700 [main] INFO ru.opt3.CalcDemo -- 2025-02-10T21:32:46.700133038 current idx:430000000
21:32:48.148 [main] INFO ru.opt3.CalcDemo -- 2025-02-10T21:32:48.148272219 current idx:440000000
21:32:49.595 [main] INFO ru.opt3.CalcDemo -- 2025-02-10T21:32:49.595254297 current idx:450000000
21:32:51.042 [main] INFO ru.opt3.CalcDemo -- 2025-02-10T21:32:51.042077257 current idx:460000000
21:32:52.489 [main] INFO ru.opt3.CalcDemo -- 2025-02-10T21:32:52.489711382 current idx:470000000
21:32:53.936 [main] INFO ru.opt3.CalcDemo -- 2025-02-10T21:32:53.936094916 current idx:480000000
21:32:55.394 [main] INFO ru.opt3.CalcDemo -- 2025-02-10T21:32:55.394348103 current idx:490000000
21:32:56.857 [main] INFO ru.opt3.CalcDemo -- PrevValue:499999999
21:32:56.857 [main] INFO ru.opt3.CalcDemo -- PrevPrevValue:499999998
21:32:56.857 [main] INFO ru.opt3.CalcDemo -- SumLastThreeValues:1499999994
21:32:56.857 [main] INFO ru.opt3.CalcDemo -- SomeValue:218352884
21:32:56.857 [main] INFO ru.opt3.CalcDemo -- Sum:264458829
21:32:56.857 [main] INFO ru.opt3.CalcDemo -- spend msec:70192, sec:70
