SLF4J(I): Connected with provider of type [ch.qos.logback.classic.spi.LogbackServiceProvider]
21:38:50.569 [main] INFO ru.opt3.CalcDemo -- 2025-02-10T21:38:50.568776710 current idx:0
21:38:52.109 [main] INFO ru.opt3.CalcDemo -- 2025-02-10T21:38:52.109783673 current idx:10000000
21:38:53.649 [main] INFO ru.opt3.CalcDemo -- 2025-02-10T21:38:53.649193367 current idx:20000000
21:38:55.216 [main] INFO ru.opt3.CalcDemo -- 2025-02-10T21:38:55.216152602 current idx:30000000
21:38:56.782 [main] INFO ru.opt3.CalcDemo -- 2025-02-10T21:38:56.782908790 current idx:40000000
21:38:58.351 [main] INFO ru.opt3.CalcDemo -- 2025-02-10T21:38:58.351012636 current idx:50000000
21:38:59.795 [main] INFO ru.opt3.CalcDemo -- 2025-02-10T21:38:59.795691686 current idx:60000000
21:39:01.169 [main] INFO ru.opt3.CalcDemo -- 2025-02-10T21:39:01.169044441 current idx:70000000
21:39:02.542 [main] INFO ru.opt3.CalcDemo -- 2025-02-10T21:39:02.542195189 current idx:80000000
21:39:03.915 [main] INFO ru.opt3.CalcDemo -- 2025-02-10T21:39:03.915597215 current idx:90000000
21:39:05.290 [main] INFO ru.opt3.CalcDemo -- 2025-02-10T21:39:05.290682816 current idx:100000000
21:39:06.663 [main] INFO ru.opt3.CalcDemo -- 2025-02-10T21:39:06.663750336 current idx:110000000
21:39:08.036 [main] INFO ru.opt3.CalcDemo -- 2025-02-10T21:39:08.036489131 current idx:120000000
21:39:09.408 [main] INFO ru.opt3.CalcDemo -- 2025-02-10T21:39:09.408633075 current idx:130000000
21:39:10.780 [main] INFO ru.opt3.CalcDemo -- 2025-02-10T21:39:10.780262879 current idx:140000000
21:39:12.157 [main] INFO ru.opt3.CalcDemo -- 2025-02-10T21:39:12.157965499 current idx:150000000
21:39:13.534 [main] INFO ru.opt3.CalcDemo -- 2025-02-10T21:39:13.533993829 current idx:160000000
21:39:14.909 [main] INFO ru.opt3.CalcDemo -- 2025-02-10T21:39:14.909389668 current idx:170000000
21:39:16.286 [main] INFO ru.opt3.CalcDemo -- 2025-02-10T21:39:16.286558554 current idx:180000000
21:39:17.662 [main] INFO ru.opt3.CalcDemo -- 2025-02-10T21:39:17.662723634 current idx:190000000
21:39:19.040 [main] INFO ru.opt3.CalcDemo -- 2025-02-10T21:39:19.040970178 current idx:200000000
21:39:20.416 [main] INFO ru.opt3.CalcDemo -- 2025-02-10T21:39:20.416558087 current idx:210000000
21:39:21.791 [main] INFO ru.opt3.CalcDemo -- 2025-02-10T21:39:21.791444543 current idx:220000000
21:39:23.167 [main] INFO ru.opt3.CalcDemo -- 2025-02-10T21:39:23.167506253 current idx:230000000
21:39:24.544 [main] INFO ru.opt3.CalcDemo -- 2025-02-10T21:39:24.544930692 current idx:240000000
21:39:25.917 [main] INFO ru.opt3.CalcDemo -- 2025-02-10T21:39:25.917970252 current idx:250000000
21:39:27.290 [main] INFO ru.opt3.CalcDemo -- 2025-02-10T21:39:27.290853985 current idx:260000000
21:39:28.663 [main] INFO ru.opt3.CalcDemo -- 2025-02-10T21:39:28.663359654 current idx:270000000
21:39:30.036 [main] INFO ru.opt3.CalcDemo -- 2025-02-10T21:39:30.036042975 current idx:280000000
21:39:31.413 [main] INFO ru.opt3.CalcDemo -- 2025-02-10T21:39:31.413761010 current idx:290000000
21:39:32.788 [main] INFO ru.opt3.CalcDemo -- 2025-02-10T21:39:32.788432053 current idx:300000000
21:39:34.164 [main] INFO ru.opt3.CalcDemo -- 2025-02-10T21:39:34.164961383 current idx:310000000
21:39:35.541 [main] INFO ru.opt3.CalcDemo -- 2025-02-10T21:39:35.541310582 current idx:320000000
21:39:36.918 [main] INFO ru.opt3.CalcDemo -- 2025-02-10T21:39:36.918159285 current idx:330000000
21:39:38.293 [main] INFO ru.opt3.CalcDemo -- 2025-02-10T21:39:38.293780509 current idx:340000000
21:39:39.669 [main] INFO ru.opt3.CalcDemo -- 2025-02-10T21:39:39.669136335 current idx:350000000
21:39:41.044 [main] INFO ru.opt3.CalcDemo -- 2025-02-10T21:39:41.044384005 current idx:360000000
21:39:42.418 [main] INFO ru.opt3.CalcDemo -- 2025-02-10T21:39:42.418002932 current idx:370000000
21:39:43.795 [main] INFO ru.opt3.CalcDemo -- 2025-02-10T21:39:43.795453602 current idx:380000000
21:39:45.170 [main] INFO ru.opt3.CalcDemo -- 2025-02-10T21:39:45.170657675 current idx:390000000
21:39:46.547 [main] INFO ru.opt3.CalcDemo -- 2025-02-10T21:39:46.547644667 current idx:400000000
21:39:47.924 [main] INFO ru.opt3.CalcDemo -- 2025-02-10T21:39:47.924447051 current idx:410000000
21:39:49.299 [main] INFO ru.opt3.CalcDemo -- 2025-02-10T21:39:49.299780434 current idx:420000000
21:39:50.677 [main] INFO ru.opt3.CalcDemo -- 2025-02-10T21:39:50.677313293 current idx:430000000
21:39:52.061 [main] INFO ru.opt3.CalcDemo -- 2025-02-10T21:39:52.061407825 current idx:440000000
21:39:53.444 [main] INFO ru.opt3.CalcDemo -- 2025-02-10T21:39:53.444504336 current idx:450000000
21:39:54.827 [main] INFO ru.opt3.CalcDemo -- 2025-02-10T21:39:54.827967235 current idx:460000000
21:39:56.214 [main] INFO ru.opt3.CalcDemo -- 2025-02-10T21:39:56.214295602 current idx:470000000
21:39:57.598 [main] INFO ru.opt3.CalcDemo -- 2025-02-10T21:39:57.598415172 current idx:480000000
21:39:58.982 [main] INFO ru.opt3.CalcDemo -- 2025-02-10T21:39:58.982938482 current idx:490000000
21:40:00.366 [main] INFO ru.opt3.CalcDemo -- PrevValue:499999999
21:40:00.367 [main] INFO ru.opt3.CalcDemo -- PrevPrevValue:499999998
21:40:00.367 [main] INFO ru.opt3.CalcDemo -- SumLastThreeValues:1499999994
21:40:00.367 [main] INFO ru.opt3.CalcDemo -- SomeValue:1686643638
21:40:00.367 [main] INFO ru.opt3.CalcDemo -- Sum:-696126286
21:40:00.367 [main] INFO ru.opt3.CalcDemo -- spend msec:69799, sec:69
