SLF4J(I): Connected with provider of type [ch.qos.logback.classic.spi.LogbackServiceProvider]
20:55:56.399 [main] INFO ru.opt1.CalcDemo -- 2025-02-10T20:55:56.398206588 current idx:0
20:55:58.092 [main] INFO ru.opt1.CalcDemo -- 2025-02-10T20:55:58.092727724 current idx:10000000
20:55:59.819 [main] INFO ru.opt1.CalcDemo -- 2025-02-10T20:55:59.819732469 current idx:20000000
20:56:01.475 [main] INFO ru.opt1.CalcDemo -- 2025-02-10T20:56:01.475815819 current idx:30000000
20:56:02.902 [main] INFO ru.opt1.CalcDemo -- 2025-02-10T20:56:02.902123122 current idx:40000000
20:56:04.326 [main] INFO ru.opt1.CalcDemo -- 2025-02-10T20:56:04.326956139 current idx:50000000
20:56:05.755 [main] INFO ru.opt1.CalcDemo -- 2025-02-10T20:56:05.755516494 current idx:60000000
20:56:07.180 [main] INFO ru.opt1.CalcDemo -- 2025-02-10T20:56:07.180531512 current idx:70000000
20:56:08.608 [main] INFO ru.opt1.CalcDemo -- 2025-02-10T20:56:08.608788071 current idx:80000000
20:56:10.034 [main] INFO ru.opt1.CalcDemo -- 2025-02-10T20:56:10.034626599 current idx:90000000
20:56:11.462 [main] INFO ru.opt1.CalcDemo -- 2025-02-10T20:56:11.462740609 current idx:100000000
20:56:12.884 [main] INFO ru.opt1.CalcDemo -- 2025-02-10T20:56:12.884221976 current idx:110000000
20:56:14.307 [main] INFO ru.opt1.CalcDemo -- 2025-02-10T20:56:14.307833122 current idx:120000000
20:56:15.744 [main] INFO ru.opt1.CalcDemo -- 2025-02-10T20:56:15.744137463 current idx:130000000
20:56:17.176 [main] INFO ru.opt1.CalcDemo -- 2025-02-10T20:56:17.176219525 current idx:140000000
20:56:18.617 [main] INFO ru.opt1.CalcDemo -- 2025-02-10T20:56:18.617174793 current idx:150000000
20:56:20.046 [main] INFO ru.opt1.CalcDemo -- 2025-02-10T20:56:20.046662251 current idx:160000000
20:56:21.481 [main] INFO ru.opt1.CalcDemo -- 2025-02-10T20:56:21.481651864 current idx:170000000
20:56:22.910 [main] INFO ru.opt1.CalcDemo -- 2025-02-10T20:56:22.910178167 current idx:180000000
20:56:24.338 [main] INFO ru.opt1.CalcDemo -- 2025-02-10T20:56:24.338474014 current idx:190000000
20:56:25.768 [main] INFO ru.opt1.CalcDemo -- 2025-02-10T20:56:25.768039094 current idx:200000000
20:56:27.194 [main] INFO ru.opt1.CalcDemo -- 2025-02-10T20:56:27.194583258 current idx:210000000
20:56:28.627 [main] INFO ru.opt1.CalcDemo -- 2025-02-10T20:56:28.627160647 current idx:220000000
20:56:30.060 [main] INFO ru.opt1.CalcDemo -- 2025-02-10T20:56:30.060465361 current idx:230000000
20:56:31.493 [main] INFO ru.opt1.CalcDemo -- 2025-02-10T20:56:31.493106793 current idx:240000000
20:56:32.919 [main] INFO ru.opt1.CalcDemo -- 2025-02-10T20:56:32.919769490 current idx:250000000
20:56:34.341 [main] INFO ru.opt1.CalcDemo -- 2025-02-10T20:56:34.341923440 current idx:260000000
20:56:35.770 [main] INFO ru.opt1.CalcDemo -- 2025-02-10T20:56:35.770152892 current idx:270000000
20:56:37.196 [main] INFO ru.opt1.CalcDemo -- 2025-02-10T20:56:37.196562333 current idx:280000000
20:56:38.624 [main] INFO ru.opt1.CalcDemo -- 2025-02-10T20:56:38.624531157 current idx:290000000
20:56:40.048 [main] INFO ru.opt1.CalcDemo -- 2025-02-10T20:56:40.048779248 current idx:300000000
20:56:41.473 [main] INFO ru.opt1.CalcDemo -- 2025-02-10T20:56:41.473402577 current idx:310000000
20:56:42.904 [main] INFO ru.opt1.CalcDemo -- 2025-02-10T20:56:42.904523006 current idx:320000000
20:56:44.336 [main] INFO ru.opt1.CalcDemo -- 2025-02-10T20:56:44.336217494 current idx:330000000
20:56:45.806 [main] INFO ru.opt1.CalcDemo -- 2025-02-10T20:56:45.806576227 current idx:340000000
20:56:47.322 [main] INFO ru.opt1.CalcDemo -- 2025-02-10T20:56:47.322849278 current idx:350000000
20:56:48.840 [main] INFO ru.opt1.CalcDemo -- 2025-02-10T20:56:48.840507615 current idx:360000000
20:56:50.356 [main] INFO ru.opt1.CalcDemo -- 2025-02-10T20:56:50.356402762 current idx:370000000
20:56:51.876 [main] INFO ru.opt1.CalcDemo -- 2025-02-10T20:56:51.876904914 current idx:380000000
20:56:53.396 [main] INFO ru.opt1.CalcDemo -- 2025-02-10T20:56:53.396713695 current idx:390000000
20:56:54.914 [main] INFO ru.opt1.CalcDemo -- 2025-02-10T20:56:54.914206352 current idx:400000000
20:56:56.434 [main] INFO ru.opt1.CalcDemo -- 2025-02-10T20:56:56.434572565 current idx:410000000
20:56:57.950 [main] INFO ru.opt1.CalcDemo -- 2025-02-10T20:56:57.950738739 current idx:420000000
20:56:59.469 [main] INFO ru.opt1.CalcDemo -- 2025-02-10T20:56:59.469327922 current idx:430000000
20:57:00.990 [main] INFO ru.opt1.CalcDemo -- 2025-02-10T20:57:00.990155389 current idx:440000000
20:57:02.506 [main] INFO ru.opt1.CalcDemo -- 2025-02-10T20:57:02.506786729 current idx:450000000
20:57:04.026 [main] INFO ru.opt1.CalcDemo -- 2025-02-10T20:57:04.026951592 current idx:460000000
20:57:05.543 [main] INFO ru.opt1.CalcDemo -- 2025-02-10T20:57:05.543699169 current idx:470000000
20:57:07.062 [main] INFO ru.opt1.CalcDemo -- 2025-02-10T20:57:07.062408457 current idx:480000000
20:57:08.578 [main] INFO ru.opt1.CalcDemo -- 2025-02-10T20:57:08.578419164 current idx:490000000
20:57:10.095 [main] INFO ru.opt1.CalcDemo -- PrevValue:499999999
20:57:10.095 [main] INFO ru.opt1.CalcDemo -- PrevPrevValue:499999998
20:57:10.095 [main] INFO ru.opt1.CalcDemo -- SumLastThreeValues:1499999994
20:57:10.095 [main] INFO ru.opt1.CalcDemo -- SomeValue:1114143365
20:57:10.095 [main] INFO ru.opt1.CalcDemo -- Sum:1730329642
20:57:10.095 [main] INFO ru.opt1.CalcDemo -- spend msec:73697, sec:73
